0 info it worked if it ends with ok
1 verbose cli [ '/usr/local/opt/nvm/v0.10.32/bin/node',
1 verbose cli   '/usr/local/opt/nvm/v0.10.32/bin/npm',
1 verbose cli   'install',
1 verbose cli   'node-mongodb-native',
1 verbose cli   '--save-dev' ]
2 info using npm@1.4.28
3 info using node@v0.10.32
4 verbose node symlink /usr/local/opt/nvm/v0.10.32/bin/node
5 warn package.json wonder@1.0.0 No repository field.
6 warn package.json wonder@1.0.0 No README data
7 verbose readDependencies using package.json deps
8 verbose cache add [ 'node-mongodb-native', null ]
9 verbose cache add name=undefined spec="node-mongodb-native" args=["node-mongodb-native",null]
10 verbose parsed url { protocol: null,
10 verbose parsed url   slashes: null,
10 verbose parsed url   auth: null,
10 verbose parsed url   host: null,
10 verbose parsed url   port: null,
10 verbose parsed url   hostname: null,
10 verbose parsed url   hash: null,
10 verbose parsed url   search: null,
10 verbose parsed url   query: null,
10 verbose parsed url   pathname: 'node-mongodb-native',
10 verbose parsed url   path: 'node-mongodb-native',
10 verbose parsed url   href: 'node-mongodb-native' }
11 silly lockFile 19c00958-node-mongodb-native node-mongodb-native
12 verbose lock node-mongodb-native /Users/harberg/.npm/19c00958-node-mongodb-native.lock
13 silly lockFile 19c00958-node-mongodb-native node-mongodb-native
14 silly lockFile 19c00958-node-mongodb-native node-mongodb-native
15 verbose addNamed [ 'node-mongodb-native', '' ]
16 verbose addNamed [ null, '*' ]
17 silly lockFile 5600b9da-node-mongodb-native node-mongodb-native@
18 verbose lock node-mongodb-native@ /Users/harberg/.npm/5600b9da-node-mongodb-native.lock
19 silly addNameRange { name: 'node-mongodb-native', range: '*', hasData: false }
20 verbose request where is /node-mongodb-native
21 verbose request registry https://registry.npmjs.org/
22 verbose request id 997c87c4c51285fe
23 verbose url raw /node-mongodb-native
24 verbose url resolving [ 'https://registry.npmjs.org/', './node-mongodb-native' ]
25 verbose url resolved https://registry.npmjs.org/node-mongodb-native
26 verbose request where is https://registry.npmjs.org/node-mongodb-native
27 info trying registry request attempt 1 at 13:25:18
28 http GET https://registry.npmjs.org/node-mongodb-native
29 http 404 https://registry.npmjs.org/node-mongodb-native
30 verbose headers { date: 'Thu, 02 Oct 2014 20:25:17 GMT',
30 verbose headers   server: 'CouchDB/1.5.0 (Erlang OTP/R16B03)',
30 verbose headers   'content-type': 'application/json',
30 verbose headers   'cache-control': 'max-age=0',
30 verbose headers   'content-length': '52',
30 verbose headers   'accept-ranges': 'bytes',
30 verbose headers   via: '1.1 varnish',
30 verbose headers   age: '0',
30 verbose headers   'x-served-by': 'cache-lax1433-LAX',
30 verbose headers   'x-cache': 'MISS',
30 verbose headers   'x-cache-hits': '0',
30 verbose headers   'x-timer': 'S1412281517.508267,VS0,VE310',
30 verbose headers   'keep-alive': 'timeout=10, max=50',
30 verbose headers   connection: 'Keep-Alive' }
31 silly registry.get cb [ 404,
31 silly registry.get   { date: 'Thu, 02 Oct 2014 20:25:17 GMT',
31 silly registry.get     server: 'CouchDB/1.5.0 (Erlang OTP/R16B03)',
31 silly registry.get     'content-type': 'application/json',
31 silly registry.get     'cache-control': 'max-age=0',
31 silly registry.get     'content-length': '52',
31 silly registry.get     'accept-ranges': 'bytes',
31 silly registry.get     via: '1.1 varnish',
31 silly registry.get     age: '0',
31 silly registry.get     'x-served-by': 'cache-lax1433-LAX',
31 silly registry.get     'x-cache': 'MISS',
31 silly registry.get     'x-cache-hits': '0',
31 silly registry.get     'x-timer': 'S1412281517.508267,VS0,VE310',
31 silly registry.get     'keep-alive': 'timeout=10, max=50',
31 silly registry.get     connection: 'Keep-Alive' } ]
32 silly lockFile 5600b9da-node-mongodb-native node-mongodb-native@
33 silly lockFile 5600b9da-node-mongodb-native node-mongodb-native@
34 error 404 404 Not Found: node-mongodb-native
34 error 404
34 error 404 'node-mongodb-native' is not in the npm registry.
34 error 404 You should bug the author to publish it
34 error 404 It was specified as a dependency of 'wonder'
34 error 404
34 error 404 Maybe try 'npm search mongodb native'
34 error 404
34 error 404 Note that you can also install from a
34 error 404 tarball, folder, or http url, or git url.
35 error System Darwin 13.4.0
36 error command "/usr/local/opt/nvm/v0.10.32/bin/node" "/usr/local/opt/nvm/v0.10.32/bin/npm" "install" "node-mongodb-native" "--save-dev"
37 error cwd /Users/harberg/Desktop/wonder
38 error node -v v0.10.32
39 error npm -v 1.4.28
40 error code E404
41 verbose exit [ 1, true ]
